# JRE version: Java(TM) SE Runtime Environment (8.0_25-b18) (build 1.8.0_25-b18)
# Java VM: Java HotSpot(TM) 64-Bit Server VM (25.25-b02 mixed mode windows-amd64 compressed oops)
Heap:
 PSYoungGen      total 99328K, used 37067K [0x00000000f5580000, 0x00000000fdf00000, 0x0000000100000000)
  eden space 94720K, 39% used [0x00000000f5580000,0x00000000f79b2c10,0x00000000fb200000)
  from space 4608K, 0% used [0x00000000fb200000,0x00000000fb200000,0x00000000fb680000)
  to   space 23040K, 0% used [0x00000000fc880000,0x00000000fc880000,0x00000000fdf00000)
 ParOldGen       total 81920K, used 45151K [0x00000000e0000000, 0x00000000e5000000, 0x00000000f5580000)
  object space 81920K, 55% used [0x00000000e0000000,0x00000000e2c17f40,0x00000000e5000000)
 Metaspace       used 75766K, capacity 81966K, committed 82008K, reserved 1120256K
  class space    used 9453K, capacity 11326K, committed 11352K, reserved 1048576K
GC Heap History (10 events):
Event: 51.839 GC heap before
{Heap before GC invocations=16 (full 3):
 PSYoungGen      total 92160K, used 87788K [0x00000000f5580000, 0x00000000fc600000, 0x0000000100000000)
  eden space 77312K, 100% used [0x00000000f5580000,0x00000000fa100000,0x00000000fa100000)
  from space 14848K, 70% used [0x00000000fb780000,0x00000000fc1bb3e0,0x00000000fc600000)
  to   space 18944K, 0% used [0x00000000fa100000,0x00000000fa100000,0x00000000fb380000)
 ParOldGen       total 81920K, used 28689K [0x00000000e0000000, 0x00000000e5000000, 0x00000000f5580000)
  object space 81920K, 35% used [0x00000000e0000000,0x00000000e1c045d0,0x00000000e5000000)
 Metaspace       used 70168K, capacity 75570K, committed 75864K, reserved 1114112K
  class space    used 8778K, capacity 10532K, committed 10584K, reserved 1048576K
Event: 51.856 GC heap after
Heap after GC invocations=16 (full 3):
 PSYoungGen      total 96256K, used 18919K [0x00000000f5580000, 0x00000000fe000000, 0x0000000100000000)
  eden space 77312K, 0% used [0x00000000f5580000,0x00000000f5580000,0x00000000fa100000)
  from space 18944K, 99% used [0x00000000fa100000,0x00000000fb379e28,0x00000000fb380000)
  to   space 23552K, 0% used [0x00000000fc900000,0x00000000fc900000,0x00000000fe000000)
 ParOldGen       total 81920K, used 33288K [0x00000000e0000000, 0x00000000e5000000, 0x00000000f5580000)
  object space 81920K, 40% used [0x00000000e0000000,0x00000000e20823c8,0x00000000e5000000)
 Metaspace       used 70168K, capacity 75570K, committed 75864K, reserved 1114112K
  class space    used 8778K, capacity 10532K, committed 10584K, reserved 1048576K
}
Event: 71.290 GC heap before
{Heap before GC invocations=17 (full 3):
 PSYoungGen      total 96256K, used 42643K [0x00000000f5580000, 0x00000000fe000000, 0x0000000100000000)
  eden space 77312K, 30% used [0x00000000f5580000,0x00000000f6cab140,0x00000000fa100000)
  from space 18944K, 99% used [0x00000000fa100000,0x00000000fb379e28,0x00000000fb380000)
  to   space 23552K, 0% used [0x00000000fc900000,0x00000000fc900000,0x00000000fe000000)
 ParOldGen       total 81920K, used 33288K [0x00000000e0000000, 0x00000000e5000000, 0x00000000f5580000)
  object space 81920K, 40% used [0x00000000e0000000,0x00000000e20823c8,0x00000000e5000000)
 Metaspace       used 72058K, capacity 77334K, committed 77656K, reserved 1116160K
  class space    used 9025K, capacity 10756K, committed 10840K, reserved 1048576K
Event: 71.330 GC heap after
Heap after GC invocations=17 (full 3):
 PSYoungGen      total 118272K, used 2963K [0x00000000f5580000, 0x00000000fe000000, 0x0000000100000000)
  eden space 94720K, 0% used [0x00000000f5580000,0x00000000f5580000,0x00000000fb200000)
  from space 23552K, 12% used [0x00000000fc900000,0x00000000fcbe4eb0,0x00000000fe000000)
  to   space 23552K, 0% used [0x00000000fb200000,0x00000000fb200000,0x00000000fc900000)
 ParOldGen       total 81920K, used 47280K [0x00000000e0000000, 0x00000000e5000000, 0x00000000f5580000)
  object space 81920K, 57% used [0x00000000e0000000,0x00000000e2e2c1d0,0x00000000e5000000)
 Metaspace       used 72058K, capacity 77334K, committed 77656K, reserved 1116160K
  class space    used 9025K, capacity 10756K, committed 10840K, reserved 1048576K
}
Event: 71.330 GC heap before
{Heap before GC invocations=18 (full 4):
 PSYoungGen      total 118272K, used 2963K [0x00000000f5580000, 0x00000000fe000000, 0x0000000100000000)
  eden space 94720K, 0% used [0x00000000f5580000,0x00000000f5580000,0x00000000fb200000)
  from space 23552K, 12% used [0x00000000fc900000,0x00000000fcbe4eb0,0x00000000fe000000)
  to   space 23552K, 0% used [0x00000000fb200000,0x00000000fb200000,0x00000000fc900000)
 ParOldGen       total 81920K, used 47280K [0x00000000e0000000, 0x00000000e5000000, 0x00000000f5580000)
  object space 81920K, 57% used [0x00000000e0000000,0x00000000e2e2c1d0,0x00000000e5000000)
 Metaspace       used 72058K, capacity 77334K, committed 77656K, reserved 1116160K
  class space    used 9025K, capacity 10756K, committed 10840K, reserved 1048576K
Event: 71.709 GC heap after
Heap after GC invocations=18 (full 4):
 PSYoungGen      total 118272K, used 0K [0x00000000f5580000, 0x00000000fe000000, 0x0000000100000000)
  eden space 94720K, 0% used [0x00000000f5580000,0x00000000f5580000,0x00000000fb200000)
  from space 23552K, 0% used [0x00000000fc900000,0x00000000fc900000,0x00000000fe000000)
  to   space 23552K, 0% used [0x00000000fb200000,0x00000000fb200000,0x00000000fc900000)
 ParOldGen       total 81920K, used 43231K [0x00000000e0000000, 0x00000000e5000000, 0x00000000f5580000)
  object space 81920K, 52% used [0x00000000e0000000,0x00000000e2a37c80,0x00000000e5000000)
 Metaspace       used 72058K, capacity 77334K, committed 77656K, reserved 1116160K
  class space    used 9025K, capacity 10756K, committed 10840K, reserved 1048576K
}
Event: 202.521 GC heap before
{Heap before GC invocations=19 (full 4):
 PSYoungGen      total 118272K, used 60757K [0x00000000f5580000, 0x00000000fe000000, 0x0000000100000000)
  eden space 94720K, 64% used [0x00000000f5580000,0x00000000f90d5650,0x00000000fb200000)
  from space 23552K, 0% used [0x00000000fc900000,0x00000000fc900000,0x00000000fe000000)
  to   space 23552K, 0% used [0x00000000fb200000,0x00000000fb200000,0x00000000fc900000)
 ParOldGen       total 81920K, used 43231K [0x00000000e0000000, 0x00000000e5000000, 0x00000000f5580000)
  object space 81920K, 52% used [0x00000000e0000000,0x00000000e2a37c80,0x00000000e5000000)
 Metaspace       used 74436K, capacity 80440K, committed 80600K, reserved 1118208K
  class space    used 9314K, capacity 11163K, committed 11224K, reserved 1048576K
Event: 202.534 GC heap after
Heap after GC invocations=19 (full 4):
 PSYoungGen      total 99328K, used 4214K [0x00000000f5580000, 0x00000000fdf00000, 0x0000000100000000)
  eden space 94720K, 0% used [0x00000000f5580000,0x00000000f5580000,0x00000000fb200000)
  from space 4608K, 91% used [0x00000000fb200000,0x00000000fb61da98,0x00000000fb680000)
  to   space 23040K, 0% used [0x00000000fc880000,0x00000000fc880000,0x00000000fdf00000)
 ParOldGen       total 81920K, used 43239K [0x00000000e0000000, 0x00000000e5000000, 0x00000000f5580000)
  object space 81920K, 52% used [0x00000000e0000000,0x00000000e2a39c80,0x00000000e5000000)
 Metaspace       used 74436K, capacity 80440K, committed 80600K, reserved 1118208K
  class space    used 9314K, capacity 11163K, committed 11224K, reserved 1048576K
}
Event: 202.534 GC heap before
{Heap before GC invocations=20 (full 5):
 PSYoungGen      total 99328K, used 4214K [0x00000000f5580000, 0x00000000fdf00000, 0x0000000100000000)
  eden space 94720K, 0% used [0x00000000f5580000,0x00000000f5580000,0x00000000fb200000)
  from space 4608K, 91% used [0x00000000fb200000,0x00000000fb61da98,0x00000000fb680000)
  to   space 23040K, 0% used [0x00000000fc880000,0x00000000fc880000,0x00000000fdf00000)
 ParOldGen       total 81920K, used 43239K [0x00000000e0000000, 0x00000000e5000000, 0x00000000f5580000)
  object space 81920K, 52% used [0x00000000e0000000,0x00000000e2a39c80,0x00000000e5000000)
 Metaspace       used 74436K, capacity 80440K, committed 80600K, reserved 1118208K
  class space    used 9314K, capacity 11163K, committed 11224K, reserved 1048576K
Event: 202.977 GC heap after
Heap after GC invocations=20 (full 5):
 PSYoungGen      total 99328K, used 0K [0x00000000f5580000, 0x00000000fdf00000, 0x0000000100000000)
  eden space 94720K, 0% used [0x00000000f5580000,0x00000000f5580000,0x00000000fb200000)
  from space 4608K, 0% used [0x00000000fb200000,0x00000000fb200000,0x00000000fb680000)
  to   space 23040K, 0% used [0x00000000fc880000,0x00000000fc880000,0x00000000fdf00000)
 ParOldGen       total 81920K, used 45151K [0x00000000e0000000, 0x00000000e5000000, 0x00000000f5580000)
  object space 81920K, 55% used [0x00000000e0000000,0x00000000e2c17f40,0x00000000e5000000)
 Metaspace       used 74436K, capacity 80440K, committed 80600K, reserved 1118208K
  class space    used 9314K, capacity 11163K, committed 11224K, reserved 1048576K
}

