# JRE version: Java(TM) SE Runtime Environment (8.0_25-b18) (build 1.8.0_25-b18)
# Java VM: Java HotSpot(TM) 64-Bit Server VM (25.25-b02 mixed mode windows-amd64 compressed oops)
Heap:
 PSYoungGen      total 61440K, used 31531K [0x00000000f5580000, 0x00000000fb800000, 0x0000000100000000)
  eden space 60928K, 51% used [0x00000000f5580000,0x00000000f744ad18,0x00000000f9100000)
  from space 512K, 0% used [0x00000000f9100000,0x00000000f9100000,0x00000000f9180000)
  to   space 19968K, 0% used [0x00000000fa480000,0x00000000fa480000,0x00000000fb800000)
 ParOldGen       total 112128K, used 31492K [0x00000000e0000000, 0x00000000e6d80000, 0x00000000f5580000)
  object space 112128K, 28% used [0x00000000e0000000,0x00000000e1ec1068,0x00000000e6d80000)
 Metaspace       used 74554K, capacity 80312K, committed 80472K, reserved 1118208K
  class space    used 9300K, capacity 11068K, committed 11096K, reserved 1048576K
GC Heap History (10 events):
Event: 603.071 GC heap before
{Heap before GC invocations=34 (full 13):
 PSYoungGen      total 61440K, used 160K [0x00000000f5580000, 0x00000000fbb00000, 0x0000000100000000)
  eden space 60928K, 0% used [0x00000000f5580000,0x00000000f5580000,0x00000000f9100000)
  from space 512K, 31% used [0x00000000f9100000,0x00000000f9128000,0x00000000f9180000)
  to   space 21504K, 0% used [0x00000000fa600000,0x00000000fa600000,0x00000000fbb00000)
 ParOldGen       total 112128K, used 32775K [0x00000000e0000000, 0x00000000e6d80000, 0x00000000f5580000)
  object space 112128K, 29% used [0x00000000e0000000,0x00000000e2001c18,0x00000000e6d80000)
 Metaspace       used 73092K, capacity 78790K, committed 79064K, reserved 1118208K
  class space    used 9135K, capacity 10904K, committed 10968K, reserved 1048576K
Event: 603.331 GC heap after
Heap after GC invocations=34 (full 13):
 PSYoungGen      total 61440K, used 0K [0x00000000f5580000, 0x00000000fbb00000, 0x0000000100000000)
  eden space 60928K, 0% used [0x00000000f5580000,0x00000000f5580000,0x00000000f9100000)
  from space 512K, 0% used [0x00000000f9100000,0x00000000f9100000,0x00000000f9180000)
  to   space 21504K, 0% used [0x00000000fa600000,0x00000000fa600000,0x00000000fbb00000)
 ParOldGen       total 112128K, used 31515K [0x00000000e0000000, 0x00000000e6d80000, 0x00000000f5580000)
  object space 112128K, 28% used [0x00000000e0000000,0x00000000e1ec6d28,0x00000000e6d80000)
 Metaspace       used 73092K, capacity 78790K, committed 79064K, reserved 1118208K
  class space    used 9135K, capacity 10904K, committed 10968K, reserved 1048576K
}
Event: 663.084 GC heap before
{Heap before GC invocations=35 (full 13):
 PSYoungGen      total 61440K, used 7112K [0x00000000f5580000, 0x00000000fbb00000, 0x0000000100000000)
  eden space 60928K, 11% used [0x00000000f5580000,0x00000000f5c72368,0x00000000f9100000)
  from space 512K, 0% used [0x00000000f9100000,0x00000000f9100000,0x00000000f9180000)
  to   space 21504K, 0% used [0x00000000fa600000,0x00000000fa600000,0x00000000fbb00000)
 ParOldGen       total 112128K, used 31515K [0x00000000e0000000, 0x00000000e6d80000, 0x00000000f5580000)
  object space 112128K, 28% used [0x00000000e0000000,0x00000000e1ec6d28,0x00000000e6d80000)
 Metaspace       used 73161K, capacity 78790K, committed 79064K, reserved 1118208K
  class space    used 9135K, capacity 10904K, committed 10968K, reserved 1048576K
Event: 663.086 GC heap after
Heap after GC invocations=35 (full 13):
 PSYoungGen      total 81408K, used 416K [0x00000000f5580000, 0x00000000fba00000, 0x0000000100000000)
  eden space 60928K, 0% used [0x00000000f5580000,0x00000000f5580000,0x00000000f9100000)
  from space 20480K, 2% used [0x00000000fa600000,0x00000000fa668000,0x00000000fba00000)
  to   space 20992K, 0% used [0x00000000f9100000,0x00000000f9100000,0x00000000fa580000)
 ParOldGen       total 112128K, used 31515K [0x00000000e0000000, 0x00000000e6d80000, 0x00000000f5580000)
  object space 112128K, 28% used [0x00000000e0000000,0x00000000e1ec6d28,0x00000000e6d80000)
 Metaspace       used 73161K, capacity 78790K, committed 79064K, reserved 1118208K
  class space    used 9135K, capacity 10904K, committed 10968K, reserved 1048576K
}
Event: 663.086 GC heap before
{Heap before GC invocations=36 (full 14):
 PSYoungGen      total 81408K, used 416K [0x00000000f5580000, 0x00000000fba00000, 0x0000000100000000)
  eden space 60928K, 0% used [0x00000000f5580000,0x00000000f5580000,0x00000000f9100000)
  from space 20480K, 2% used [0x00000000fa600000,0x00000000fa668000,0x00000000fba00000)
  to   space 20992K, 0% used [0x00000000f9100000,0x00000000f9100000,0x00000000fa580000)
 ParOldGen       total 112128K, used 31515K [0x00000000e0000000, 0x00000000e6d80000, 0x00000000f5580000)
  object space 112128K, 28% used [0x00000000e0000000,0x00000000e1ec6d28,0x00000000e6d80000)
 Metaspace       used 73161K, capacity 78790K, committed 79064K, reserved 1118208K
  class space    used 9135K, capacity 10904K, committed 10968K, reserved 1048576K
Event: 663.215 GC heap after
Heap after GC invocations=36 (full 14):
 PSYoungGen      total 81408K, used 0K [0x00000000f5580000, 0x00000000fba00000, 0x0000000100000000)
  eden space 60928K, 0% used [0x00000000f5580000,0x00000000f5580000,0x00000000f9100000)
  from space 20480K, 0% used [0x00000000fa600000,0x00000000fa600000,0x00000000fba00000)
  to   space 20992K, 0% used [0x00000000f9100000,0x00000000f9100000,0x00000000fa580000)
 ParOldGen       total 112128K, used 31603K [0x00000000e0000000, 0x00000000e6d80000, 0x00000000f5580000)
  object space 112128K, 28% used [0x00000000e0000000,0x00000000e1edce78,0x00000000e6d80000)
 Metaspace       used 73161K, capacity 78790K, committed 79064K, reserved 1118208K
  class space    used 9135K, capacity 10904K, committed 10968K, reserved 1048576K
}
Event: 723.112 GC heap before
{Heap before GC invocations=37 (full 14):
 PSYoungGen      total 81408K, used 4218K [0x00000000f5580000, 0x00000000fba00000, 0x0000000100000000)
  eden space 60928K, 6% used [0x00000000f5580000,0x00000000f599ebd8,0x00000000f9100000)
  from space 20480K, 0% used [0x00000000fa600000,0x00000000fa600000,0x00000000fba00000)
  to   space 20992K, 0% used [0x00000000f9100000,0x00000000f9100000,0x00000000fa580000)
 ParOldGen       total 112128K, used 31603K [0x00000000e0000000, 0x00000000e6d80000, 0x00000000f5580000)
  object space 112128K, 28% used [0x00000000e0000000,0x00000000e1edce78,0x00000000e6d80000)
 Metaspace       used 73185K, capacity 78790K, committed 79064K, reserved 1118208K
  class space    used 9135K, capacity 10904K, committed 10968K, reserved 1048576K
Event: 723.118 GC heap after
Heap after GC invocations=37 (full 14):
 PSYoungGen      total 61440K, used 128K [0x00000000f5580000, 0x00000000fb800000, 0x0000000100000000)
  eden space 60928K, 0% used [0x00000000f5580000,0x00000000f5580000,0x00000000f9100000)
  from space 512K, 25% used [0x00000000f9100000,0x00000000f9120000,0x00000000f9180000)
  to   space 19968K, 0% used [0x00000000fa480000,0x00000000fa480000,0x00000000fb800000)
 ParOldGen       total 112128K, used 31611K [0x00000000e0000000, 0x00000000e6d80000, 0x00000000f5580000)
  object space 112128K, 28% used [0x00000000e0000000,0x00000000e1edee78,0x00000000e6d80000)
 Metaspace       used 73185K, capacity 78790K, committed 79064K, reserved 1118208K
  class space    used 9135K, capacity 10904K, committed 10968K, reserved 1048576K
}
Event: 723.118 GC heap before
{Heap before GC invocations=38 (full 15):
 PSYoungGen      total 61440K, used 128K [0x00000000f5580000, 0x00000000fb800000, 0x0000000100000000)
  eden space 60928K, 0% used [0x00000000f5580000,0x00000000f5580000,0x00000000f9100000)
  from space 512K, 25% used [0x00000000f9100000,0x00000000f9120000,0x00000000f9180000)
  to   space 19968K, 0% used [0x00000000fa480000,0x00000000fa480000,0x00000000fb800000)
 ParOldGen       total 112128K, used 31611K [0x00000000e0000000, 0x00000000e6d80000, 0x00000000f5580000)
  object space 112128K, 28% used [0x00000000e0000000,0x00000000e1edee78,0x00000000e6d80000)
 Metaspace       used 73185K, capacity 78790K, committed 79064K, reserved 1118208K
  class space    used 9135K, capacity 10904K, committed 10968K, reserved 1048576K
Event: 723.269 GC heap after
Heap after GC invocations=38 (full 15):
 PSYoungGen      total 61440K, used 0K [0x00000000f5580000, 0x00000000fb800000, 0x0000000100000000)
  eden space 60928K, 0% used [0x00000000f5580000,0x00000000f5580000,0x00000000f9100000)
  from space 512K, 0% used [0x00000000f9100000,0x00000000f9100000,0x00000000f9180000)
  to   space 19968K, 0% used [0x00000000fa480000,0x00000000fa480000,0x00000000fb800000)
 ParOldGen       total 112128K, used 31492K [0x00000000e0000000, 0x00000000e6d80000, 0x00000000f5580000)
  object space 112128K, 28% used [0x00000000e0000000,0x00000000e1ec1068,0x00000000e6d80000)
 Metaspace       used 73185K, capacity 78790K, committed 79064K, reserved 1118208K
  class space    used 9135K, capacity 10904K, committed 10968K, reserved 1048576K
}

