# JRE version: Java(TM) SE Runtime Environment (8.0_25-b18) (build 1.8.0_25-b18)
# Java VM: Java HotSpot(TM) 64-Bit Server VM (25.25-b02 mixed mode windows-amd64 compressed oops)
Heap:
 PSYoungGen      total 92672K, used 26364K [0x00000000f5580000, 0x00000000fcc00000, 0x0000000100000000)
  eden space 91648K, 27% used [0x00000000f5580000,0x00000000f6e3f3d0,0x00000000faf00000)
  from space 1024K, 99% used [0x00000000faf00000,0x00000000fafffda0,0x00000000fb000000)
  to   space 2048K, 0% used [0x00000000fca00000,0x00000000fca00000,0x00000000fcc00000)
 ParOldGen       total 72704K, used 35279K [0x00000000e0000000, 0x00000000e4700000, 0x00000000f5580000)
  object space 72704K, 48% used [0x00000000e0000000,0x00000000e2273f18,0x00000000e4700000)
 Metaspace       used 79129K, capacity 84886K, committed 85208K, reserved 1122304K
  class space    used 9564K, capacity 11355K, committed 11480K, reserved 1048576K
GC Heap History (10 events):
Event: 4698.227 GC heap before
{Heap before GC invocations=171 (full 81):
 PSYoungGen      total 92160K, used 160K [0x00000000f5580000, 0x00000000fb080000, 0x0000000100000000)
  eden space 91648K, 0% used [0x00000000f5580000,0x00000000f5580000,0x00000000faf00000)
  from space 512K, 31% used [0x00000000fb000000,0x00000000fb028000,0x00000000fb080000)
  to   space 512K, 0% used [0x00000000faf80000,0x00000000faf80000,0x00000000fb000000)
 ParOldGen       total 72704K, used 32373K [0x00000000e0000000, 0x00000000e4700000, 0x00000000f5580000)
  object space 72704K, 44% used [0x00000000e0000000,0x00000000e1f9d720,0x00000000e4700000)
 Metaspace       used 76487K, capacity 82232K, committed 82392K, reserved 1120256K
  class space    used 9400K, capacity 11157K, committed 11224K, reserved 1048576K
Event: 4698.417 GC heap after
Heap after GC invocations=171 (full 81):
 PSYoungGen      total 92160K, used 0K [0x00000000f5580000, 0x00000000fb080000, 0x0000000100000000)
  eden space 91648K, 0% used [0x00000000f5580000,0x00000000f5580000,0x00000000faf00000)
  from space 512K, 0% used [0x00000000fb000000,0x00000000fb000000,0x00000000fb080000)
  to   space 512K, 0% used [0x00000000faf80000,0x00000000faf80000,0x00000000fb000000)
 ParOldGen       total 72704K, used 32374K [0x00000000e0000000, 0x00000000e4700000, 0x00000000f5580000)
  object space 72704K, 44% used [0x00000000e0000000,0x00000000e1f9d940,0x00000000e4700000)
 Metaspace       used 76487K, capacity 82232K, committed 82392K, reserved 1120256K
  class space    used 9400K, capacity 11157K, committed 11224K, reserved 1048576K
}
Event: 4758.229 GC heap before
{Heap before GC invocations=172 (full 81):
 PSYoungGen      total 92160K, used 3623K [0x00000000f5580000, 0x00000000fb080000, 0x0000000100000000)
  eden space 91648K, 3% used [0x00000000f5580000,0x00000000f5909ec0,0x00000000faf00000)
  from space 512K, 0% used [0x00000000fb000000,0x00000000fb000000,0x00000000fb080000)
  to   space 512K, 0% used [0x00000000faf80000,0x00000000faf80000,0x00000000fb000000)
 ParOldGen       total 72704K, used 32374K [0x00000000e0000000, 0x00000000e4700000, 0x00000000f5580000)
  object space 72704K, 44% used [0x00000000e0000000,0x00000000e1f9d940,0x00000000e4700000)
 Metaspace       used 76487K, capacity 82232K, committed 82392K, reserved 1120256K
  class space    used 9400K, capacity 11157K, committed 11224K, reserved 1048576K
Event: 4758.236 GC heap after
Heap after GC invocations=172 (full 81):
 PSYoungGen      total 92160K, used 192K [0x00000000f5580000, 0x00000000fb080000, 0x0000000100000000)
  eden space 91648K, 0% used [0x00000000f5580000,0x00000000f5580000,0x00000000faf00000)
  from space 512K, 37% used [0x00000000faf80000,0x00000000fafb0000,0x00000000fb000000)
  to   space 512K, 0% used [0x00000000fb000000,0x00000000fb000000,0x00000000fb080000)
 ParOldGen       total 72704K, used 32374K [0x00000000e0000000, 0x00000000e4700000, 0x00000000f5580000)
  object space 72704K, 44% used [0x00000000e0000000,0x00000000e1f9d940,0x00000000e4700000)
 Metaspace       used 76487K, capacity 82232K, committed 82392K, reserved 1120256K
  class space    used 9400K, capacity 11157K, committed 11224K, reserved 1048576K
}
Event: 4758.236 GC heap before
{Heap before GC invocations=173 (full 82):
 PSYoungGen      total 92160K, used 192K [0x00000000f5580000, 0x00000000fb080000, 0x0000000100000000)
  eden space 91648K, 0% used [0x00000000f5580000,0x00000000f5580000,0x00000000faf00000)
  from space 512K, 37% used [0x00000000faf80000,0x00000000fafb0000,0x00000000fb000000)
  to   space 512K, 0% used [0x00000000fb000000,0x00000000fb000000,0x00000000fb080000)
 ParOldGen       total 72704K, used 32374K [0x00000000e0000000, 0x00000000e4700000, 0x00000000f5580000)
  object space 72704K, 44% used [0x00000000e0000000,0x00000000e1f9d940,0x00000000e4700000)
 Metaspace       used 76487K, capacity 82232K, committed 82392K, reserved 1120256K
  class space    used 9400K, capacity 11157K, committed 11224K, reserved 1048576K
Event: 4758.406 GC heap after
Heap after GC invocations=173 (full 82):
 PSYoungGen      total 92160K, used 0K [0x00000000f5580000, 0x00000000fb080000, 0x0000000100000000)
  eden space 91648K, 0% used [0x00000000f5580000,0x00000000f5580000,0x00000000faf00000)
  from space 512K, 0% used [0x00000000faf80000,0x00000000faf80000,0x00000000fb000000)
  to   space 512K, 0% used [0x00000000fb000000,0x00000000fb000000,0x00000000fb080000)
 ParOldGen       total 72704K, used 32373K [0x00000000e0000000, 0x00000000e4700000, 0x00000000f5580000)
  object space 72704K, 44% used [0x00000000e0000000,0x00000000e1f9d600,0x00000000e4700000)
 Metaspace       used 76487K, capacity 82232K, committed 82392K, reserved 1120256K
  class space    used 9400K, capacity 11157K, committed 11224K, reserved 1048576K
}
Event: 4850.024 GC heap before
{Heap before GC invocations=174 (full 82):
 PSYoungGen      total 92160K, used 91648K [0x00000000f5580000, 0x00000000fb080000, 0x0000000100000000)
  eden space 91648K, 100% used [0x00000000f5580000,0x00000000faf00000,0x00000000faf00000)
  from space 512K, 0% used [0x00000000faf80000,0x00000000faf80000,0x00000000fb000000)
  to   space 512K, 0% used [0x00000000fb000000,0x00000000fb000000,0x00000000fb080000)
 ParOldGen       total 72704K, used 32373K [0x00000000e0000000, 0x00000000e4700000, 0x00000000f5580000)
  object space 72704K, 44% used [0x00000000e0000000,0x00000000e1f9d600,0x00000000e4700000)
 Metaspace       used 77629K, capacity 83460K, committed 83800K, reserved 1122304K
  class space    used 9448K, capacity 11223K, committed 11352K, reserved 1048576K
Event: 4850.033 GC heap after
Heap after GC invocations=174 (full 82):
 PSYoungGen      total 92160K, used 494K [0x00000000f5580000, 0x00000000fce00000, 0x0000000100000000)
  eden space 91648K, 0% used [0x00000000f5580000,0x00000000f5580000,0x00000000faf00000)
  from space 512K, 96% used [0x00000000fb000000,0x00000000fb07b828,0x00000000fb080000)
  to   space 1024K, 0% used [0x00000000faf00000,0x00000000faf00000,0x00000000fb000000)
 ParOldGen       total 72704K, used 33182K [0x00000000e0000000, 0x00000000e4700000, 0x00000000f5580000)
  object space 72704K, 45% used [0x00000000e0000000,0x00000000e2067900,0x00000000e4700000)
 Metaspace       used 77629K, capacity 83460K, committed 83800K, reserved 1122304K
  class space    used 9448K, capacity 11223K, committed 11352K, reserved 1048576K
}
Event: 4889.699 GC heap before
{Heap before GC invocations=175 (full 82):
 PSYoungGen      total 92160K, used 92142K [0x00000000f5580000, 0x00000000fce00000, 0x0000000100000000)
  eden space 91648K, 100% used [0x00000000f5580000,0x00000000faf00000,0x00000000faf00000)
  from space 512K, 96% used [0x00000000fb000000,0x00000000fb07b828,0x00000000fb080000)
  to   space 1024K, 0% used [0x00000000faf00000,0x00000000faf00000,0x00000000fb000000)
 ParOldGen       total 72704K, used 33182K [0x00000000e0000000, 0x00000000e4700000, 0x00000000f5580000)
  object space 72704K, 45% used [0x00000000e0000000,0x00000000e2067900,0x00000000e4700000)
 Metaspace       used 78216K, capacity 83844K, committed 84056K, reserved 1122304K
  class space    used 9456K, capacity 11223K, committed 11352K, reserved 1048576K
Event: 4889.707 GC heap after
Heap after GC invocations=175 (full 82):
 PSYoungGen      total 92672K, used 1023K [0x00000000f5580000, 0x00000000fcc00000, 0x0000000100000000)
  eden space 91648K, 0% used [0x00000000f5580000,0x00000000f5580000,0x00000000faf00000)
  from space 1024K, 99% used [0x00000000faf00000,0x00000000fafffda0,0x00000000fb000000)
  to   space 2048K, 0% used [0x00000000fca00000,0x00000000fca00000,0x00000000fcc00000)
 ParOldGen       total 72704K, used 35279K [0x00000000e0000000, 0x00000000e4700000, 0x00000000f5580000)
  object space 72704K, 48% used [0x00000000e0000000,0x00000000e2273f18,0x00000000e4700000)
 Metaspace       used 78216K, capacity 83844K, committed 84056K, reserved 1122304K
  class space    used 9456K, capacity 11223K, committed 11352K, reserved 1048576K
}

