# JRE version: Java(TM) SE Runtime Environment (8.0_25-b18) (build 1.8.0_25-b18)
# Java VM: Java HotSpot(TM) 64-Bit Server VM (25.25-b02 mixed mode windows-amd64 compressed oops)
Heap:
 PSYoungGen      total 100864K, used 29463K [0x00000000f5580000, 0x00000000fc580000, 0x0000000100000000)
  eden space 89088K, 33% used [0x00000000f5580000,0x00000000f7245ef8,0x00000000fac80000)
  from space 11776K, 0% used [0x00000000fba00000,0x00000000fba00000,0x00000000fc580000)
  to   space 12800K, 0% used [0x00000000fac80000,0x00000000fac80000,0x00000000fb900000)
 ParOldGen       total 73216K, used 33771K [0x00000000e0000000, 0x00000000e4780000, 0x00000000f5580000)
  object space 73216K, 46% used [0x00000000e0000000,0x00000000e20fad28,0x00000000e4780000)
 Metaspace       used 75472K, capacity 81414K, committed 81624K, reserved 1120256K
  class space    used 9312K, capacity 11111K, committed 11224K, reserved 1048576K
GC Heap History (10 events):
Event: 851.099 GC heap before
{Heap before GC invocations=43 (full 17):
 PSYoungGen      total 102912K, used 1979K [0x00000000f5580000, 0x00000000fc980000, 0x0000000100000000)
  eden space 89088K, 0% used [0x00000000f5580000,0x00000000f5580000,0x00000000fac80000)
  from space 13824K, 14% used [0x00000000fbc00000,0x00000000fbdeede0,0x00000000fc980000)
  to   space 14848K, 0% used [0x00000000fac80000,0x00000000fac80000,0x00000000fbb00000)
 ParOldGen       total 73216K, used 31547K [0x00000000e0000000, 0x00000000e4780000, 0x00000000f5580000)
  object space 73216K, 43% used [0x00000000e0000000,0x00000000e1ecec28,0x00000000e4780000)
 Metaspace       used 73600K, capacity 79172K, committed 79320K, reserved 1118208K
  class space    used 9158K, capacity 10946K, committed 10968K, reserved 1048576K
Event: 851.389 GC heap after
Heap after GC invocations=43 (full 17):
 PSYoungGen      total 102912K, used 0K [0x00000000f5580000, 0x00000000fc980000, 0x0000000100000000)
  eden space 89088K, 0% used [0x00000000f5580000,0x00000000f5580000,0x00000000fac80000)
  from space 13824K, 0% used [0x00000000fbc00000,0x00000000fbc00000,0x00000000fc980000)
  to   space 14848K, 0% used [0x00000000fac80000,0x00000000fac80000,0x00000000fbb00000)
 ParOldGen       total 73216K, used 33102K [0x00000000e0000000, 0x00000000e4780000, 0x00000000f5580000)
  object space 73216K, 45% used [0x00000000e0000000,0x00000000e2053b60,0x00000000e4780000)
 Metaspace       used 73600K, capacity 79172K, committed 79320K, reserved 1118208K
  class space    used 9158K, capacity 10946K, committed 10968K, reserved 1048576K
}
Event: 1258.532 GC heap before
{Heap before GC invocations=44 (full 17):
 PSYoungGen      total 102912K, used 57550K [0x00000000f5580000, 0x00000000fc980000, 0x0000000100000000)
  eden space 89088K, 64% used [0x00000000f5580000,0x00000000f8db3898,0x00000000fac80000)
  from space 13824K, 0% used [0x00000000fbc00000,0x00000000fbc00000,0x00000000fc980000)
  to   space 14848K, 0% used [0x00000000fac80000,0x00000000fac80000,0x00000000fbb00000)
 ParOldGen       total 73216K, used 33102K [0x00000000e0000000, 0x00000000e4780000, 0x00000000f5580000)
  object space 73216K, 45% used [0x00000000e0000000,0x00000000e2053b60,0x00000000e4780000)
 Metaspace       used 74021K, capacity 79894K, committed 80088K, reserved 1118208K
  class space    used 9160K, capacity 10949K, committed 10968K, reserved 1048576K
Event: 1258.541 GC heap after
Heap after GC invocations=44 (full 17):
 PSYoungGen      total 91136K, used 1620K [0x00000000f5580000, 0x00000000fc780000, 0x0000000100000000)
  eden space 89088K, 0% used [0x00000000f5580000,0x00000000f5580000,0x00000000fac80000)
  from space 2048K, 79% used [0x00000000fac80000,0x00000000fae152b8,0x00000000fae80000)
  to   space 13824K, 0% used [0x00000000fba00000,0x00000000fba00000,0x00000000fc780000)
 ParOldGen       total 73216K, used 33110K [0x00000000e0000000, 0x00000000e4780000, 0x00000000f5580000)
  object space 73216K, 45% used [0x00000000e0000000,0x00000000e2055b60,0x00000000e4780000)
 Metaspace       used 74021K, capacity 79894K, committed 80088K, reserved 1118208K
  class space    used 9160K, capacity 10949K, committed 10968K, reserved 1048576K
}
Event: 1258.541 GC heap before
{Heap before GC invocations=45 (full 18):
 PSYoungGen      total 91136K, used 1620K [0x00000000f5580000, 0x00000000fc780000, 0x0000000100000000)
  eden space 89088K, 0% used [0x00000000f5580000,0x00000000f5580000,0x00000000fac80000)
  from space 2048K, 79% used [0x00000000fac80000,0x00000000fae152b8,0x00000000fae80000)
  to   space 13824K, 0% used [0x00000000fba00000,0x00000000fba00000,0x00000000fc780000)
 ParOldGen       total 73216K, used 33110K [0x00000000e0000000, 0x00000000e4780000, 0x00000000f5580000)
  object space 73216K, 45% used [0x00000000e0000000,0x00000000e2055b60,0x00000000e4780000)
 Metaspace       used 74021K, capacity 79894K, committed 80088K, reserved 1118208K
  class space    used 9160K, capacity 10949K, committed 10968K, reserved 1048576K
Event: 1258.780 GC heap after
Heap after GC invocations=45 (full 18):
 PSYoungGen      total 91136K, used 0K [0x00000000f5580000, 0x00000000fc780000, 0x0000000100000000)
  eden space 89088K, 0% used [0x00000000f5580000,0x00000000f5580000,0x00000000fac80000)
  from space 2048K, 0% used [0x00000000fac80000,0x00000000fac80000,0x00000000fae80000)
  to   space 13824K, 0% used [0x00000000fba00000,0x00000000fba00000,0x00000000fc780000)
 ParOldGen       total 73216K, used 33691K [0x00000000e0000000, 0x00000000e4780000, 0x00000000f5580000)
  object space 73216K, 46% used [0x00000000e0000000,0x00000000e20e6fe0,0x00000000e4780000)
 Metaspace       used 74021K, capacity 79894K, committed 80088K, reserved 1118208K
  class space    used 9160K, capacity 10949K, committed 10968K, reserved 1048576K
}
Event: 1318.537 GC heap before
{Heap before GC invocations=46 (full 18):
 PSYoungGen      total 91136K, used 21033K [0x00000000f5580000, 0x00000000fc780000, 0x0000000100000000)
  eden space 89088K, 23% used [0x00000000f5580000,0x00000000f6a0a708,0x00000000fac80000)
  from space 2048K, 0% used [0x00000000fac80000,0x00000000fac80000,0x00000000fae80000)
  to   space 13824K, 0% used [0x00000000fba00000,0x00000000fba00000,0x00000000fc780000)
 ParOldGen       total 73216K, used 33691K [0x00000000e0000000, 0x00000000e4780000, 0x00000000f5580000)
  object space 73216K, 46% used [0x00000000e0000000,0x00000000e20e6fe0,0x00000000e4780000)
 Metaspace       used 74470K, capacity 80406K, committed 80728K, reserved 1118208K
  class space    used 9199K, capacity 11013K, committed 11096K, reserved 1048576K
Event: 1318.544 GC heap after
Heap after GC invocations=46 (full 18):
 PSYoungGen      total 100864K, used 1336K [0x00000000f5580000, 0x00000000fc580000, 0x0000000100000000)
  eden space 89088K, 0% used [0x00000000f5580000,0x00000000f5580000,0x00000000fac80000)
  from space 11776K, 11% used [0x00000000fba00000,0x00000000fbb4e288,0x00000000fc580000)
  to   space 12800K, 0% used [0x00000000fac80000,0x00000000fac80000,0x00000000fb900000)
 ParOldGen       total 73216K, used 33699K [0x00000000e0000000, 0x00000000e4780000, 0x00000000f5580000)
  object space 73216K, 46% used [0x00000000e0000000,0x00000000e20e8fe0,0x00000000e4780000)
 Metaspace       used 74470K, capacity 80406K, committed 80728K, reserved 1118208K
  class space    used 9199K, capacity 11013K, committed 11096K, reserved 1048576K
}
Event: 1318.544 GC heap before
{Heap before GC invocations=47 (full 19):
 PSYoungGen      total 100864K, used 1336K [0x00000000f5580000, 0x00000000fc580000, 0x0000000100000000)
  eden space 89088K, 0% used [0x00000000f5580000,0x00000000f5580000,0x00000000fac80000)
  from space 11776K, 11% used [0x00000000fba00000,0x00000000fbb4e288,0x00000000fc580000)
  to   space 12800K, 0% used [0x00000000fac80000,0x00000000fac80000,0x00000000fb900000)
 ParOldGen       total 73216K, used 33699K [0x00000000e0000000, 0x00000000e4780000, 0x00000000f5580000)
  object space 73216K, 46% used [0x00000000e0000000,0x00000000e20e8fe0,0x00000000e4780000)
 Metaspace       used 74470K, capacity 80406K, committed 80728K, reserved 1118208K
  class space    used 9199K, capacity 11013K, committed 11096K, reserved 1048576K
Event: 1318.830 GC heap after
Heap after GC invocations=47 (full 19):
 PSYoungGen      total 100864K, used 0K [0x00000000f5580000, 0x00000000fc580000, 0x0000000100000000)
  eden space 89088K, 0% used [0x00000000f5580000,0x00000000f5580000,0x00000000fac80000)
  from space 11776K, 0% used [0x00000000fba00000,0x00000000fba00000,0x00000000fc580000)
  to   space 12800K, 0% used [0x00000000fac80000,0x00000000fac80000,0x00000000fb900000)
 ParOldGen       total 73216K, used 33771K [0x00000000e0000000, 0x00000000e4780000, 0x00000000f5580000)
  object space 73216K, 46% used [0x00000000e0000000,0x00000000e20fad28,0x00000000e4780000)
 Metaspace       used 74470K, capacity 80406K, committed 80728K, reserved 1118208K
  class space    used 9199K, capacity 11013K, committed 11096K, reserved 1048576K
}

